<?xml version="1.0" encoding="UTF-8"?>
<!-- Generated by org.testng.reporters.JUnitReportReporter -->
<testsuite hostname="TestMachine" failures="0" tests="1" name="demo.Script1Test" time="0.011" errors="0" timestamp="2024-07-18T16:05:50 CEST" skipped="0">
  <testcase classname="demo.Script1Test" name="m1" time="0.011"/>
  <system-out/>
</testsuite> <!-- demo.Script1Test -->
