<?xml version="1.0" encoding="UTF-8"?>
<!-- Generated by org.testng.reporters.JUnitReportReporter -->
<testsuite hostname="TestMachine" failures="0" tests="1" name="demo.Script2Test" time="0.002" errors="0" timestamp="2024-07-18T16:05:50 CEST" skipped="0">
  <testcase classname="demo.Script2Test" name="m2" time="0.002"/>
  <system-out/>
</testsuite> <!-- demo.Script2Test -->
